# JRE version: Java(TM) SE Runtime Environment (8.0_101-b13) (build 1.8.0_101-b13)
# Java VM: Java HotSpot(TM) 64-Bit Server VM (25.101-b13 mixed mode bsd-amd64 compressed oops)
Heap:
 PSYoungGen      total 34304K, used 15694K [0x0000000795580000, 0x0000000798100000, 0x00000007c0000000)
  eden space 24064K, 46% used [0x0000000795580000,0x000000079605b8e8,0x0000000796d00000)
  from space 10240K, 44% used [0x0000000796d00000,0x0000000797178120,0x0000000797700000)
  to   space 10240K, 0% used [0x0000000797700000,0x0000000797700000,0x0000000798100000)
 ParOldGen       total 87552K, used 63084K [0x0000000740000000, 0x0000000745580000, 0x0000000795580000)
  object space 87552K, 72% used [0x0000000740000000,0x0000000743d9b2e0,0x0000000745580000)
 Metaspace       used 19691K, capacity 19915K, committed 20224K, reserved 1067008K
  class space    used 1885K, capacity 1982K, committed 2048K, reserved 1048576K
GC Heap History (10 events):
Event: 119.646 GC heap before
{Heap before GC invocations=27 (full 0):
 PSYoungGen      total 36352K, used 24160K [0x0000000795580000, 0x0000000798600000, 0x00000007c0000000)
  eden space 24064K, 100% used [0x0000000795580000,0x0000000796d00000,0x0000000796d00000)
  from space 12288K, 0% used [0x0000000797a00000,0x0000000797a18000,0x0000000798600000)
  to   space 12800K, 0% used [0x0000000796d00000,0x0000000796d00000,0x0000000797980000)
 ParOldGen       total 87552K, used 61876K [0x0000000740000000, 0x0000000745580000, 0x0000000795580000)
  object space 87552K, 70% used [0x0000000740000000,0x0000000743c6d1e0,0x0000000745580000)
 Metaspace       used 19624K, capacity 19883K, committed 20224K, reserved 1067008K
  class space    used 1877K, capacity 1950K, committed 2048K, reserved 1048576K
Event: 119.647 GC heap after
Heap after GC invocations=27 (full 0):
 PSYoungGen      total 24576K, used 96K [0x0000000795580000, 0x0000000798500000, 0x00000007c0000000)
  eden space 24064K, 0% used [0x0000000795580000,0x0000000795580000,0x0000000796d00000)
  from space 512K, 18% used [0x0000000796d00000,0x0000000796d18000,0x0000000796d80000)
  to   space 12288K, 0% used [0x0000000797900000,0x0000000797900000,0x0000000798500000)
 ParOldGen       total 87552K, used 61876K [0x0000000740000000, 0x0000000745580000, 0x0000000795580000)
  object space 87552K, 70% used [0x0000000740000000,0x0000000743c6d1e0,0x0000000745580000)
 Metaspace       used 19624K, capacity 19883K, committed 20224K, reserved 1067008K
  class space    used 1877K, capacity 1950K, committed 2048K, reserved 1048576K
}
Event: 125.149 GC heap before
{Heap before GC invocations=28 (full 0):
 PSYoungGen      total 24576K, used 24160K [0x0000000795580000, 0x0000000798500000, 0x00000007c0000000)
  eden space 24064K, 100% used [0x0000000795580000,0x0000000796d00000,0x0000000796d00000)
  from space 512K, 18% used [0x0000000796d00000,0x0000000796d18000,0x0000000796d80000)
  to   space 12288K, 0% used [0x0000000797900000,0x0000000797900000,0x0000000798500000)
 ParOldGen       total 87552K, used 61876K [0x0000000740000000, 0x0000000745580000, 0x0000000795580000)
  object space 87552K, 70% used [0x0000000740000000,0x0000000743c6d1e0,0x0000000745580000)
 Metaspace       used 19624K, capacity 19883K, committed 20224K, reserved 1067008K
  class space    used 1877K, capacity 1950K, committed 2048K, reserved 1048576K
Event: 125.150 GC heap after
Heap after GC invocations=28 (full 0):
 PSYoungGen      total 35328K, used 96K [0x0000000795580000, 0x0000000798400000, 0x00000007c0000000)
  eden space 24064K, 0% used [0x0000000795580000,0x0000000795580000,0x0000000796d00000)
  from space 11264K, 0% used [0x0000000797900000,0x0000000797918000,0x0000000798400000)
  to   space 11776K, 0% used [0x0000000796d00000,0x0000000796d00000,0x0000000797880000)
 ParOldGen       total 87552K, used 61876K [0x0000000740000000, 0x0000000745580000, 0x0000000795580000)
  object space 87552K, 70% used [0x0000000740000000,0x0000000743c6d1e0,0x0000000745580000)
 Metaspace       used 19624K, capacity 19883K, committed 20224K, reserved 1067008K
  class space    used 1877K, capacity 1950K, committed 2048K, reserved 1048576K
}
Event: 130.637 GC heap before
{Heap before GC invocations=29 (full 0):
 PSYoungGen      total 35328K, used 24160K [0x0000000795580000, 0x0000000798400000, 0x00000007c0000000)
  eden space 24064K, 100% used [0x0000000795580000,0x0000000796d00000,0x0000000796d00000)
  from space 11264K, 0% used [0x0000000797900000,0x0000000797918000,0x0000000798400000)
  to   space 11776K, 0% used [0x0000000796d00000,0x0000000796d00000,0x0000000797880000)
 ParOldGen       total 87552K, used 61876K [0x0000000740000000, 0x0000000745580000, 0x0000000795580000)
  object space 87552K, 70% used [0x0000000740000000,0x0000000743c6d1e0,0x0000000745580000)
 Metaspace       used 19624K, capacity 19883K, committed 20224K, reserved 1067008K
  class space    used 1877K, capacity 1950K, committed 2048K, reserved 1048576K
Event: 130.638 GC heap after
Heap after GC invocations=29 (full 0):
 PSYoungGen      total 24576K, used 64K [0x0000000795580000, 0x0000000798200000, 0x00000007c0000000)
  eden space 24064K, 0% used [0x0000000795580000,0x0000000795580000,0x0000000796d00000)
  from space 512K, 12% used [0x0000000796d00000,0x0000000796d10000,0x0000000796d80000)
  to   space 10752K, 0% used [0x0000000797780000,0x0000000797780000,0x0000000798200000)
 ParOldGen       total 87552K, used 61876K [0x0000000740000000, 0x0000000745580000, 0x0000000795580000)
  object space 87552K, 70% used [0x0000000740000000,0x0000000743c6d1e0,0x0000000745580000)
 Metaspace       used 19624K, capacity 19883K, committed 20224K, reserved 1067008K
  class space    used 1877K, capacity 1950K, committed 2048K, reserved 1048576K
}
Event: 134.609 GC heap before
{Heap before GC invocations=30 (full 0):
 PSYoungGen      total 24576K, used 23962K [0x0000000795580000, 0x0000000798200000, 0x00000007c0000000)
  eden space 24064K, 99% used [0x0000000795580000,0x0000000796cd6a78,0x0000000796d00000)
  from space 512K, 12% used [0x0000000796d00000,0x0000000796d10000,0x0000000796d80000)
  to   space 10752K, 0% used [0x0000000797780000,0x0000000797780000,0x0000000798200000)
 ParOldGen       total 87552K, used 61876K [0x0000000740000000, 0x0000000745580000, 0x0000000795580000)
  object space 87552K, 70% used [0x0000000740000000,0x0000000743c6d1e0,0x0000000745580000)
 Metaspace       used 19646K, capacity 19883K, committed 20224K, reserved 1067008K
  class space    used 1877K, capacity 1950K, committed 2048K, reserved 1048576K
Event: 134.610 GC heap after
Heap after GC invocations=30 (full 0):
 PSYoungGen      total 33792K, used 1904K [0x0000000795580000, 0x0000000798100000, 0x00000007c0000000)
  eden space 24064K, 0% used [0x0000000795580000,0x0000000795580000,0x0000000796d00000)
  from space 9728K, 19% used [0x0000000797780000,0x000000079795c080,0x0000000798100000)
  to   space 10240K, 0% used [0x0000000796d00000,0x0000000796d00000,0x0000000797700000)
 ParOldGen       total 87552K, used 61892K [0x0000000740000000, 0x0000000745580000, 0x0000000795580000)
  object space 87552K, 70% used [0x0000000740000000,0x0000000743c711e0,0x0000000745580000)
 Metaspace       used 19646K, capacity 19883K, committed 20224K, reserved 1067008K
  class space    used 1877K, capacity 1950K, committed 2048K, reserved 1048576K
}
Event: 136.567 GC heap before
{Heap before GC invocations=31 (full 0):
 PSYoungGen      total 33792K, used 25870K [0x0000000795580000, 0x0000000798100000, 0x00000007c0000000)
  eden space 24064K, 99% used [0x0000000795580000,0x0000000796ce78e8,0x0000000796d00000)
  from space 9728K, 19% used [0x0000000797780000,0x000000079795c080,0x0000000798100000)
  to   space 10240K, 0% used [0x0000000796d00000,0x0000000796d00000,0x0000000797700000)
 ParOldGen       total 87552K, used 61892K [0x0000000740000000, 0x0000000745580000, 0x0000000795580000)
  object space 87552K, 70% used [0x0000000740000000,0x0000000743c711e0,0x0000000745580000)
 Metaspace       used 19656K, capacity 19883K, committed 20224K, reserved 1067008K
  class space    used 1877K, capacity 1950K, committed 2048K, reserved 1048576K
Event: 136.569 GC heap after
Heap after GC invocations=31 (full 0):
 PSYoungGen      total 34304K, used 4576K [0x0000000795580000, 0x0000000798100000, 0x00000007c0000000)
  eden space 24064K, 0% used [0x0000000795580000,0x0000000795580000,0x0000000796d00000)
  from space 10240K, 44% used [0x0000000796d00000,0x0000000797178120,0x0000000797700000)
  to   space 10240K, 0% used [0x0000000797700000,0x0000000797700000,0x0000000798100000)
 ParOldGen       total 87552K, used 63084K [0x0000000740000000, 0x0000000745580000, 0x0000000795580000)
  object space 87552K, 72% used [0x0000000740000000,0x0000000743d9b2e0,0x0000000745580000)
 Metaspace       used 19656K, capacity 19883K, committed 20224K, reserved 1067008K
  class space    used 1877K, capacity 1950K, committed 2048K, reserved 1048576K
}

